Arguments: 
  /home/geovane/.nvm/versions/node/v16.17.0/bin/node /home/geovane/.nvm/versions/node/v16.17.0/bin/yarn add react-framer-motion

PATH: 
  /home/geovane/.nvm/versions/node/v16.17.0/bin:/home/geovane/.local/bin:/usr/local/sbin:/usr/local/bin:/usr/sbin:/usr/bin:/sbin:/bin:/usr/games:/usr/local/games:/snap/bin:/snap/bin

Yarn version: 
  1.22.19

Node version: 
  16.17.0

Platform: 
  linux x64

Trace: 
  Error: https://registry.yarnpkg.com/react-framer-motion: Not found
      at Request.params.callback [as _callback] (/home/geovane/.nvm/versions/node/v16.17.0/lib/node_modules/yarn/lib/cli.js:66145:18)
      at Request.self.callback (/home/geovane/.nvm/versions/node/v16.17.0/lib/node_modules/yarn/lib/cli.js:140890:22)
      at Request.emit (node:events:513:28)
      at Request.<anonymous> (/home/geovane/.nvm/versions/node/v16.17.0/lib/node_modules/yarn/lib/cli.js:141862:10)
      at Request.emit (node:events:513:28)
      at IncomingMessage.<anonymous> (/home/geovane/.nvm/versions/node/v16.17.0/lib/node_modules/yarn/lib/cli.js:141784:12)
      at Object.onceWrapper (node:events:627:28)
      at IncomingMessage.emit (node:events:525:35)
      at endReadableNT (node:internal/streams/readable:1358:12)
      at processTicksAndRejections (node:internal/process/task_queues:83:21)

npm manifest: 
  {
    "dependencies": {
      "react-router-dom": "^6.6.2"
    }
  }

yarn manifest: 
  No manifest

Lockfile: 
  # THIS IS AN AUTOGENERATED FILE. DO NOT EDIT THIS FILE DIRECTLY.
  # yarn lockfile v1
  
  
  "@remix-run/router@1.2.1":
    version "1.2.1"
    resolved "https://registry.yarnpkg.com/@remix-run/router/-/router-1.2.1.tgz#812edd4104a15a493dda1ccac0b352270d7a188c"
    integrity sha512-XiY0IsyHR+DXYS5vBxpoBe/8veTeoRpMHP+vDosLZxL5bnpetzI0igkxkLZS235ldLzyfkxF+2divEwWHP3vMQ==
  
  react-router-dom@^6.6.2:
    version "6.6.2"
    resolved "https://registry.yarnpkg.com/react-router-dom/-/react-router-dom-6.6.2.tgz#bbf1f9b45855b218d22fc2d294b79408a084740a"
    integrity sha512-6SCDXxRQqW5af8ImOqKza7icmQ47/EMbz572uFjzvcArg3lZ+04PxSPp8qGs+p2Y+q+b+S/AjXv8m8dyLndIIA==
    dependencies:
      "@remix-run/router" "1.2.1"
      react-router "6.6.2"
  
  react-router@6.6.2:
    version "6.6.2"
    resolved "https://registry.yarnpkg.com/react-router/-/react-router-6.6.2.tgz#556f7b56cff7fe32c5c02429fef3fcb2ecd08111"
    integrity sha512-uJPG55Pek3orClbURDvfljhqFvMgJRo59Pktywkk8hUUkTY2aRfza8Yhl/vZQXs+TNQyr6tu+uqz/fLxPICOGQ==
    dependencies:
      "@remix-run/router" "1.2.1"
